WARNING 2025-07-11 17:09:14,121 views 68958 6135672832 Webhook verification missing required parameters
INFO 2025-07-11 17:10:31,028 views 68958 6135672832 Webhook verified successfully
INFO 2025-07-11 17:11:29,707 views 68958 6135672832 Webhook verified successfully
INFO 2025-07-11 17:13:14,400 views 68958 6135672832 Webhook verified successfully
INFO 2025-07-11 17:19:28,329 views 93830 6168571904 Webhook verified successfully
INFO 2025-07-11 17:19:41,984 views 93830 6168571904 Webhook verified successfully
WARNING 2025-07-11 17:42:31,996 views 93830 6168571904 Webhook verification missing required parameters
INFO 2025-07-11 17:42:59,669 views 93830 6168571904 Webhook verified successfully
WARNING 2025-07-11 17:43:44,747 views 93830 6168571904 Webhook verification missing required parameters
INFO 2025-07-11 17:45:40,002 views 93830 6168571904 Webhook verified successfully
ERROR 2025-07-11 17:49:39,533 client 30326 8297904192 Error sending message to 918767341918: 401 Client Error: Unauthorized for url: https://graph.facebook.com/v18.0/651347521403933/messages
ERROR 2025-07-11 17:58:34,578 client 43382 8297904192 Error sending message to 918767341918: 401 Client Error: Unauthorized for url: https://graph.facebook.com/v18.0/651347521403933/messages
ERROR 2025-07-11 18:01:52,447 client 48045 8297904192 Error sending message to 918767341918: 401 Client Error: Unauthorized for url: https://graph.facebook.com/v18.0/651347521403933/messages
ERROR 2025-07-11 18:05:38,880 client 53793 8297904192 Error sending message to 918767341918: 401 Client Error: Unauthorized for url: https://graph.facebook.com/v18.0/651347521403933/messages
DEBUG 2025-07-11 18:06:45,551 views 41766 6131757056 Received webhook data: {
  "object": "whatsapp_business_account",
  "entry": [
    {
      "id": "1254335423034309",
      "changes": [
        {
          "value": {
            "messaging_product": "whatsapp",
            "metadata": {
              "display_phone_number": "15551479096",
              "phone_number_id": "651347521403933"
            },
            "statuses": [
              {
                "id": "wamid.HBgMOTE5ODk4MzUzODAzFQIAERgSRjk1OEZDRTBBNEVDRDZEMTA0AA==",
                "status": "sent",
                "timestamp": "1752257204",
                "recipient_id": "919898353803",
                "conversation": {
                  "id": "34be3e10d54ecd2c7c2af1c1e6c07d2a",
                  "expiration_timestamp": "1752257204",
                  "origin": {
                    "type": "utility"
                  }
                },
                "pricing": {
                  "billable": true,
                  "pricing_model": "PMP",
                  "category": "utility",
                  "type": "regular"
                }
              }
            ]
          },
          "field": "messages"
        }
      ]
    }
  ]
}
DEBUG 2025-07-11 18:06:45,552 views 41766 6131757056 Message status update: {'id': 'wamid.HBgMOTE5ODk4MzUzODAzFQIAERgSRjk1OEZDRTBBNEVDRDZEMTA0AA==', 'status': 'sent', 'timestamp': '1752257204', 'recipient_id': '919898353803', 'conversation': {'id': '34be3e10d54ecd2c7c2af1c1e6c07d2a', 'expiration_timestamp': '1752257204', 'origin': {'type': 'utility'}}, 'pricing': {'billable': True, 'pricing_model': 'PMP', 'category': 'utility', 'type': 'regular'}}
DEBUG 2025-07-11 18:06:46,918 views 41766 6131757056 Received webhook data: {
  "object": "whatsapp_business_account",
  "entry": [
    {
      "id": "1254335423034309",
      "changes": [
        {
          "value": {
            "messaging_product": "whatsapp",
            "metadata": {
              "display_phone_number": "15551479096",
              "phone_number_id": "651347521403933"
            },
            "statuses": [
              {
                "id": "wamid.HBgMOTE5ODk4MzUzODAzFQIAERgSRjk1OEZDRTBBNEVDRDZEMTA0AA==",
                "status": "delivered",
                "timestamp": "1752257204",
                "recipient_id": "919898353803",
                "conversation": {
                  "id": "34be3e10d54ecd2c7c2af1c1e6c07d2a",
                  "origin": {
                    "type": "utility"
                  }
                },
                "pricing": {
                  "billable": true,
                  "pricing_model": "PMP",
                  "category": "utility",
                  "type": "regular"
                }
              }
            ]
          },
          "field": "messages"
        }
      ]
    }
  ]
}
DEBUG 2025-07-11 18:06:46,919 views 41766 6131757056 Message status update: {'id': 'wamid.HBgMOTE5ODk4MzUzODAzFQIAERgSRjk1OEZDRTBBNEVDRDZEMTA0AA==', 'status': 'delivered', 'timestamp': '1752257204', 'recipient_id': '919898353803', 'conversation': {'id': '34be3e10d54ecd2c7c2af1c1e6c07d2a', 'origin': {'type': 'utility'}}, 'pricing': {'billable': True, 'pricing_model': 'PMP', 'category': 'utility', 'type': 'regular'}}
DEBUG 2025-07-11 18:06:50,806 views 41766 6131757056 Received webhook data: {
  "object": "whatsapp_business_account",
  "entry": [
    {
      "id": "1254335423034309",
      "changes": [
        {
          "value": {
            "messaging_product": "whatsapp",
            "metadata": {
              "display_phone_number": "15551479096",
              "phone_number_id": "651347521403933"
            },
            "statuses": [
              {
                "id": "wamid.HBgMOTE5ODk4MzUzODAzFQIAERgSRjk1OEZDRTBBNEVDRDZEMTA0AA==",
                "status": "read",
                "timestamp": "1752257209",
                "recipient_id": "919898353803"
              }
            ]
          },
          "field": "messages"
        }
      ]
    }
  ]
}
DEBUG 2025-07-11 18:06:50,806 views 41766 6131757056 Message status update: {'id': 'wamid.HBgMOTE5ODk4MzUzODAzFQIAERgSRjk1OEZDRTBBNEVDRDZEMTA0AA==', 'status': 'read', 'timestamp': '1752257209', 'recipient_id': '919898353803'}
ERROR 2025-07-11 18:11:37,127 client 62258 8297904192 Error sending message to 918767341918: 401 Client Error: Unauthorized for url: https://graph.facebook.com/v18.0/651347521403933/messages
DEBUG 2025-07-11 18:15:59,337 views 41766 6131757056 Received webhook data: {
  "object": "whatsapp_business_account",
  "entry": [
    {
      "id": "1254335423034309",
      "changes": [
        {
          "value": {
            "messaging_product": "whatsapp",
            "metadata": {
              "display_phone_number": "15551479096",
              "phone_number_id": "651347521403933"
            },
            "statuses": [
              {
                "id": "wamid.HBgMOTE4NzY3MzQxOTE4FQIAERgSRUEzRjE5RkFBQTNDNDkxMTQ4AA==",
                "status": "sent",
                "timestamp": "1752257757",
                "recipient_id": "918767341918",
                "conversation": {
                  "id": "d017acc529ac86f12061c0d8700950cd",
                  "expiration_timestamp": "1752257757",
                  "origin": {
                    "type": "utility"
                  }
                },
                "pricing": {
                  "billable": true,
                  "pricing_model": "PMP",
                  "category": "utility",
                  "type": "regular"
                }
              }
            ]
          },
          "field": "messages"
        }
      ]
    }
  ]
}
DEBUG 2025-07-11 18:15:59,338 views 41766 6131757056 Message status update: {'id': 'wamid.HBgMOTE4NzY3MzQxOTE4FQIAERgSRUEzRjE5RkFBQTNDNDkxMTQ4AA==', 'status': 'sent', 'timestamp': '1752257757', 'recipient_id': '918767341918', 'conversation': {'id': 'd017acc529ac86f12061c0d8700950cd', 'expiration_timestamp': '1752257757', 'origin': {'type': 'utility'}}, 'pricing': {'billable': True, 'pricing_model': 'PMP', 'category': 'utility', 'type': 'regular'}}
DEBUG 2025-07-11 18:16:00,255 views 41766 6131757056 Received webhook data: {
  "object": "whatsapp_business_account",
  "entry": [
    {
      "id": "1254335423034309",
      "changes": [
        {
          "value": {
            "messaging_product": "whatsapp",
            "metadata": {
              "display_phone_number": "15551479096",
              "phone_number_id": "651347521403933"
            },
            "statuses": [
              {
                "id": "wamid.HBgMOTE4NzY3MzQxOTE4FQIAERgSRUEzRjE5RkFBQTNDNDkxMTQ4AA==",
                "status": "delivered",
                "timestamp": "1752257758",
                "recipient_id": "918767341918",
                "conversation": {
                  "id": "d017acc529ac86f12061c0d8700950cd",
                  "origin": {
                    "type": "utility"
                  }
                },
                "pricing": {
                  "billable": true,
                  "pricing_model": "PMP",
                  "category": "utility",
                  "type": "regular"
                }
              }
            ]
          },
          "field": "messages"
        }
      ]
    }
  ]
}
DEBUG 2025-07-11 18:16:00,256 views 41766 6131757056 Message status update: {'id': 'wamid.HBgMOTE4NzY3MzQxOTE4FQIAERgSRUEzRjE5RkFBQTNDNDkxMTQ4AA==', 'status': 'delivered', 'timestamp': '1752257758', 'recipient_id': '918767341918', 'conversation': {'id': 'd017acc529ac86f12061c0d8700950cd', 'origin': {'type': 'utility'}}, 'pricing': {'billable': True, 'pricing_model': 'PMP', 'category': 'utility', 'type': 'regular'}}
DEBUG 2025-07-11 18:16:00,569 views 41766 6131757056 Received webhook data: {
  "object": "whatsapp_business_account",
  "entry": [
    {
      "id": "1254335423034309",
      "changes": [
        {
          "value": {
            "messaging_product": "whatsapp",
            "metadata": {
              "display_phone_number": "15551479096",
              "phone_number_id": "651347521403933"
            },
            "statuses": [
              {
                "id": "wamid.HBgMOTE4NzY3MzQxOTE4FQIAERgSRUEzRjE5RkFBQTNDNDkxMTQ4AA==",
                "status": "delivered",
                "timestamp": "1752257758",
                "recipient_id": "918767341918",
                "conversation": {
                  "id": "d017acc529ac86f12061c0d8700950cd",
                  "origin": {
                    "type": "utility"
                  }
                },
                "pricing": {
                  "billable": true,
                  "pricing_model": "PMP",
                  "category": "utility",
                  "type": "regular"
                }
              }
            ]
          },
          "field": "messages"
        }
      ]
    }
  ]
}
DEBUG 2025-07-11 18:16:00,570 views 41766 6131757056 Message status update: {'id': 'wamid.HBgMOTE4NzY3MzQxOTE4FQIAERgSRUEzRjE5RkFBQTNDNDkxMTQ4AA==', 'status': 'delivered', 'timestamp': '1752257758', 'recipient_id': '918767341918', 'conversation': {'id': 'd017acc529ac86f12061c0d8700950cd', 'origin': {'type': 'utility'}}, 'pricing': {'billable': True, 'pricing_model': 'PMP', 'category': 'utility', 'type': 'regular'}}
DEBUG 2025-07-11 18:16:36,779 views 41766 6131757056 Received webhook data: {
  "object": "whatsapp_business_account",
  "entry": [
    {
      "id": "1254335423034309",
      "changes": [
        {
          "value": {
            "messaging_product": "whatsapp",
            "metadata": {
              "display_phone_number": "15551479096",
              "phone_number_id": "651347521403933"
            },
            "statuses": [
              {
                "id": "wamid.HBgMOTE4NzY3MzQxOTE4FQIAERgSRUEzRjE5RkFBQTNDNDkxMTQ4AA==",
                "status": "read",
                "timestamp": "1752257795",
                "recipient_id": "918767341918"
              }
            ]
          },
          "field": "messages"
        }
      ]
    }
  ]
}
DEBUG 2025-07-11 18:16:36,780 views 41766 6131757056 Message status update: {'id': 'wamid.HBgMOTE4NzY3MzQxOTE4FQIAERgSRUEzRjE5RkFBQTNDNDkxMTQ4AA==', 'status': 'read', 'timestamp': '1752257795', 'recipient_id': '918767341918'}
DEBUG 2025-07-11 18:17:00,072 views 41766 6131757056 Received webhook data: {
  "object": "whatsapp_business_account",
  "entry": [
    {
      "id": "1254335423034309",
      "changes": [
        {
          "value": {
            "messaging_product": "whatsapp",
            "metadata": {
              "display_phone_number": "15551479096",
              "phone_number_id": "651347521403933"
            },
            "statuses": [
              {
                "id": "wamid.HBgMOTE4NzY3MzQxOTE4FQIAERgSNEQ4MjlCRDJEM0IwQ0U0MEE4AA==",
                "status": "sent",
                "timestamp": "1752257818",
                "recipient_id": "918767341918",
                "conversation": {
                  "id": "8266faf15478701360e5fa95b9f7354d",
                  "expiration_timestamp": "1752257818",
                  "origin": {
                    "type": "utility"
                  }
                },
                "pricing": {
                  "billable": true,
                  "pricing_model": "PMP",
                  "category": "utility",
                  "type": "regular"
                }
              }
            ]
          },
          "field": "messages"
        }
      ]
    }
  ]
}
DEBUG 2025-07-11 18:17:00,072 views 41766 6131757056 Message status update: {'id': 'wamid.HBgMOTE4NzY3MzQxOTE4FQIAERgSNEQ4MjlCRDJEM0IwQ0U0MEE4AA==', 'status': 'sent', 'timestamp': '1752257818', 'recipient_id': '918767341918', 'conversation': {'id': '8266faf15478701360e5fa95b9f7354d', 'expiration_timestamp': '1752257818', 'origin': {'type': 'utility'}}, 'pricing': {'billable': True, 'pricing_model': 'PMP', 'category': 'utility', 'type': 'regular'}}
DEBUG 2025-07-11 18:17:01,371 views 41766 6131757056 Received webhook data: {
  "object": "whatsapp_business_account",
  "entry": [
    {
      "id": "1254335423034309",
      "changes": [
        {
          "value": {
            "messaging_product": "whatsapp",
            "metadata": {
              "display_phone_number": "15551479096",
              "phone_number_id": "651347521403933"
            },
            "statuses": [
              {
                "id": "wamid.HBgMOTE4NzY3MzQxOTE4FQIAERgSNEQ4MjlCRDJEM0IwQ0U0MEE4AA==",
                "status": "delivered",
                "timestamp": "1752257819",
                "recipient_id": "918767341918",
                "conversation": {
                  "id": "8266faf15478701360e5fa95b9f7354d",
                  "origin": {
                    "type": "utility"
                  }
                },
                "pricing": {
                  "billable": true,
                  "pricing_model": "PMP",
                  "category": "utility",
                  "type": "regular"
                }
              }
            ]
          },
          "field": "messages"
        }
      ]
    }
  ]
}
DEBUG 2025-07-11 18:17:01,371 views 41766 6131757056 Message status update: {'id': 'wamid.HBgMOTE4NzY3MzQxOTE4FQIAERgSNEQ4MjlCRDJEM0IwQ0U0MEE4AA==', 'status': 'delivered', 'timestamp': '1752257819', 'recipient_id': '918767341918', 'conversation': {'id': '8266faf15478701360e5fa95b9f7354d', 'origin': {'type': 'utility'}}, 'pricing': {'billable': True, 'pricing_model': 'PMP', 'category': 'utility', 'type': 'regular'}}
DEBUG 2025-07-11 18:17:01,572 views 41766 6131757056 Received webhook data: {
  "object": "whatsapp_business_account",
  "entry": [
    {
      "id": "1254335423034309",
      "changes": [
        {
          "value": {
            "messaging_product": "whatsapp",
            "metadata": {
              "display_phone_number": "15551479096",
              "phone_number_id": "651347521403933"
            },
            "statuses": [
              {
                "id": "wamid.HBgMOTE4NzY3MzQxOTE4FQIAERgSNEQ4MjlCRDJEM0IwQ0U0MEE4AA==",
                "status": "read",
                "timestamp": "1752257819",
                "recipient_id": "918767341918"
              }
            ]
          },
          "field": "messages"
        }
      ]
    }
  ]
}
DEBUG 2025-07-11 18:17:01,572 views 41766 6131757056 Message status update: {'id': 'wamid.HBgMOTE4NzY3MzQxOTE4FQIAERgSNEQ4MjlCRDJEM0IwQ0U0MEE4AA==', 'status': 'read', 'timestamp': '1752257819', 'recipient_id': '918767341918'}
ERROR 2025-07-11 18:21:00,359 client 77706 8297904192 Error sending template message to 918767341918: 401 Client Error: Unauthorized for url: https://graph.facebook.com/v18.0/651347521403933/messages
ERROR 2025-07-11 18:21:42,349 client 78776 8297904192 Error sending template message to 918767341918: 401 Client Error: Unauthorized for url: https://graph.facebook.com/v18.0/651347521403933/messages
ERROR 2025-07-11 18:22:08,310 client 79266 8297904192 Error sending template message to 918767341918: 401 Client Error: Unauthorized for url: https://graph.facebook.com/v22.0/651347521403933/messages
ERROR 2025-07-11 18:24:04,049 client 81145 8297904192 Error sending template message to 918767341918: 401 Client Error: Unauthorized for url: https://graph.facebook.com/v22.0/651347521403933/messages
DEBUG 2025-07-11 18:29:49,506 views 81023 6199554048 Received webhook data: {
  "object": "whatsapp_business_account",
  "entry": [
    {
      "id": "1254335423034309",
      "changes": [
        {
          "value": {
            "messaging_product": "whatsapp",
            "metadata": {
              "display_phone_number": "15551479096",
              "phone_number_id": "651347521403933"
            },
            "statuses": [
              {
                "id": "wamid.HBgMOTE4NzY3MzQxOTE4FQIAERgSQzNFNkIxQkQ4QTU0QUMxQjVCAA==",
                "status": "sent",
                "timestamp": "1752258588",
                "recipient_id": "918767341918",
                "conversation": {
                  "id": "d45a9df6e18894165019d058fe890c1e",
                  "expiration_timestamp": "1752258588",
                  "origin": {
                    "type": "utility"
                  }
                },
                "pricing": {
                  "billable": true,
                  "pricing_model": "PMP",
                  "category": "utility",
                  "type": "regular"
                }
              }
            ]
          },
          "field": "messages"
        }
      ]
    }
  ]
}
DEBUG 2025-07-11 18:29:49,506 views 81023 6199554048 Message status update: {'id': 'wamid.HBgMOTE4NzY3MzQxOTE4FQIAERgSQzNFNkIxQkQ4QTU0QUMxQjVCAA==', 'status': 'sent', 'timestamp': '1752258588', 'recipient_id': '918767341918', 'conversation': {'id': 'd45a9df6e18894165019d058fe890c1e', 'expiration_timestamp': '1752258588', 'origin': {'type': 'utility'}}, 'pricing': {'billable': True, 'pricing_model': 'PMP', 'category': 'utility', 'type': 'regular'}}
DEBUG 2025-07-11 18:29:51,174 views 81023 6199554048 Received webhook data: {
  "object": "whatsapp_business_account",
  "entry": [
    {
      "id": "1254335423034309",
      "changes": [
        {
          "value": {
            "messaging_product": "whatsapp",
            "metadata": {
              "display_phone_number": "15551479096",
              "phone_number_id": "651347521403933"
            },
            "statuses": [
              {
                "id": "wamid.HBgMOTE4NzY3MzQxOTE4FQIAERgSQzNFNkIxQkQ4QTU0QUMxQjVCAA==",
                "status": "delivered",
                "timestamp": "1752258590",
                "recipient_id": "918767341918",
                "conversation": {
                  "id": "d45a9df6e18894165019d058fe890c1e",
                  "origin": {
                    "type": "utility"
                  }
                },
                "pricing": {
                  "billable": true,
                  "pricing_model": "PMP",
                  "category": "utility",
                  "type": "regular"
                }
              }
            ]
          },
          "field": "messages"
        }
      ]
    }
  ]
}
DEBUG 2025-07-11 18:29:51,174 views 81023 6199554048 Message status update: {'id': 'wamid.HBgMOTE4NzY3MzQxOTE4FQIAERgSQzNFNkIxQkQ4QTU0QUMxQjVCAA==', 'status': 'delivered', 'timestamp': '1752258590', 'recipient_id': '918767341918', 'conversation': {'id': 'd45a9df6e18894165019d058fe890c1e', 'origin': {'type': 'utility'}}, 'pricing': {'billable': True, 'pricing_model': 'PMP', 'category': 'utility', 'type': 'regular'}}
DEBUG 2025-07-11 18:29:51,215 views 81023 6199554048 Received webhook data: {
  "object": "whatsapp_business_account",
  "entry": [
    {
      "id": "1254335423034309",
      "changes": [
        {
          "value": {
            "messaging_product": "whatsapp",
            "metadata": {
              "display_phone_number": "15551479096",
              "phone_number_id": "651347521403933"
            },
            "statuses": [
              {
                "id": "wamid.HBgMOTE4NzY3MzQxOTE4FQIAERgSQzNFNkIxQkQ4QTU0QUMxQjVCAA==",
                "status": "delivered",
                "timestamp": "1752258590",
                "recipient_id": "918767341918",
                "conversation": {
                  "id": "d45a9df6e18894165019d058fe890c1e",
                  "origin": {
                    "type": "utility"
                  }
                },
                "pricing": {
                  "billable": true,
                  "pricing_model": "PMP",
                  "category": "utility",
                  "type": "regular"
                }
              }
            ]
          },
          "field": "messages"
        }
      ]
    }
  ]
}
DEBUG 2025-07-11 18:29:51,215 views 81023 6199554048 Message status update: {'id': 'wamid.HBgMOTE4NzY3MzQxOTE4FQIAERgSQzNFNkIxQkQ4QTU0QUMxQjVCAA==', 'status': 'delivered', 'timestamp': '1752258590', 'recipient_id': '918767341918', 'conversation': {'id': 'd45a9df6e18894165019d058fe890c1e', 'origin': {'type': 'utility'}}, 'pricing': {'billable': True, 'pricing_model': 'PMP', 'category': 'utility', 'type': 'regular'}}
ERROR 2025-07-11 18:30:15,435 client 91272 8297904192 Error sending template message to 918767341918: 401 Client Error: Unauthorized for url: https://graph.facebook.com/v22.0/651347521403933/messages
DEBUG 2025-07-11 18:30:32,555 views 81023 6199554048 Received webhook data: {
  "object": "whatsapp_business_account",
  "entry": [
    {
      "id": "1254335423034309",
      "changes": [
        {
          "value": {
            "messaging_product": "whatsapp",
            "metadata": {
              "display_phone_number": "15551479096",
              "phone_number_id": "651347521403933"
            },
            "statuses": [
              {
                "id": "wamid.HBgMOTE4NzY3MzQxOTE4FQIAERgSQzNFNkIxQkQ4QTU0QUMxQjVCAA==",
                "status": "read",
                "timestamp": "1752258606",
                "recipient_id": "918767341918"
              }
            ]
          },
          "field": "messages"
        }
      ]
    }
  ]
}
DEBUG 2025-07-11 18:30:32,556 views 81023 6199554048 Message status update: {'id': 'wamid.HBgMOTE4NzY3MzQxOTE4FQIAERgSQzNFNkIxQkQ4QTU0QUMxQjVCAA==', 'status': 'read', 'timestamp': '1752258606', 'recipient_id': '918767341918'}
